\BOOKMARK [1][-]{section.1}{\376\377\000I\000n\000t\000r\000o\000d\000u\000c\000c\000i\000\363\000n}{}% 1
\BOOKMARK [1][-]{section.2}{\376\377\000O\000b\000j\000e\000t\000i\000v\000o\000s}{}% 2
\BOOKMARK [2][-]{subsection.2.1}{\376\377\000O\000b\000j\000e\000t\000i\000v\000o\000\040\000G\000e\000n\000e\000r\000a\000l}{section.2}% 3
\BOOKMARK [2][-]{subsection.2.2}{\376\377\000O\000b\000j\000e\000t\000i\000v\000o\000s\000\040\000E\000s\000p\000e\000c\000\355\000f\000i\000c\000o\000s}{section.2}% 4
\BOOKMARK [1][-]{section.3}{\376\377\000M\000a\000r\000c\000o\000\040\000T\000e\000\363\000r\000i\000c\000o}{}% 5
\BOOKMARK [2][-]{subsection.3.1}{\376\377\000V\000e\000r\000i\000f\000i\000c\000a\000c\000i\000\363\000n\000\040\000d\000e\000\040\000S\000o\000f\000t\000w\000a\000r\000e}{section.3}% 6
\BOOKMARK [2][-]{subsection.3.2}{\376\377\000V\000a\000l\000i\000d\000a\000c\000i\000\363\000n\000\040\000d\000e\000\040\000S\000o\000f\000t\000w\000a\000r\000e}{section.3}% 7
\BOOKMARK [2][-]{subsection.3.3}{\376\377\000E\000S\000L\000i\000n\000t}{section.3}% 8
\BOOKMARK [2][-]{subsection.3.4}{\376\377\000J\000e\000s\000t\000\040\000y\000\040\000S\000u\000p\000e\000r\000t\000e\000s\000t}{section.3}% 9
\BOOKMARK [1][-]{section.4}{\376\377\000M\000a\000t\000e\000r\000i\000a\000l\000e\000s\000\040\000y\000\040\000E\000q\000u\000i\000p\000o\000s}{}% 10
\BOOKMARK [1][-]{section.5}{\376\377\000D\000e\000s\000a\000r\000r\000o\000l\000l\000o\000\040\000d\000e\000\040\000l\000a\000\040\000P\000r\000\341\000c\000t\000i\000c\000a}{}% 11
\BOOKMARK [2][-]{subsection.5.1}{\376\377\000P\000a\000r\000t\000e\000\040\0001\000:\000\040\000E\000s\000t\000r\000u\000c\000t\000u\000r\000a\000\040\000d\000e\000l\000\040\000P\000r\000o\000y\000e\000c\000t\000o\000\040\000y\000\040\000C\000o\000n\000f\000i\000g\000u\000r\000a\000c\000i\000\363\000n\000\040\000d\000e\000l\000\040\000A\000m\000b\000i\000e\000n\000t\000e}{section.5}% 12
\BOOKMARK [3][-]{subsubsection.5.1.1}{\376\377\000C\000o\000n\000f\000i\000g\000u\000r\000a\000c\000i\000\363\000n\000\040\000d\000e\000l\000\040\000p\000a\000c\000k\000a\000g\000e\000.\000j\000s\000o\000n}{subsection.5.1}% 13
\BOOKMARK [2][-]{subsection.5.2}{\376\377\000P\000a\000r\000t\000e\000\040\0002\000:\000\040\000C\000r\000e\000a\000c\000i\000\363\000n\000\040\000d\000e\000\040\000l\000a\000\040\000A\000P\000I\000\040\000d\000e\000\040\000G\000e\000s\000t\000i\000\363\000n\000\040\000d\000e\000\040\000U\000s\000u\000a\000r\000i\000o\000s}{section.5}% 14
\BOOKMARK [3][-]{subsubsection.5.2.1}{\376\377\000C\000o\000n\000t\000r\000o\000l\000a\000d\000o\000r\000\040\000d\000e\000\040\000U\000s\000u\000a\000r\000i\000o\000s\000\040\000\050\000u\000s\000e\000r\000.\000c\000o\000n\000t\000r\000o\000l\000l\000e\000r\000.\000j\000s\000\051}{subsection.5.2}% 15
\BOOKMARK [3][-]{subsubsection.5.2.2}{\376\377\000R\000u\000t\000a\000s\000\040\000d\000e\000\040\000U\000s\000u\000a\000r\000i\000o\000s\000\040\000\050\000u\000s\000e\000r\000.\000r\000o\000u\000t\000e\000s\000.\000j\000s\000\051}{subsection.5.2}% 16
\BOOKMARK [3][-]{subsubsection.5.2.3}{\376\377\000A\000p\000l\000i\000c\000a\000c\000i\000\363\000n\000\040\000P\000r\000i\000n\000c\000i\000p\000a\000l\000\040\000\050\000a\000p\000p\000.\000j\000s\000\051}{subsection.5.2}% 17
\BOOKMARK [2][-]{subsection.5.3}{\376\377\000P\000a\000r\000t\000e\000\040\0003\000:\000\040\000V\000e\000r\000i\000f\000i\000c\000a\000c\000i\000\363\000n\000\040\000y\000\040\000V\000a\000l\000i\000d\000a\000c\000i\000\363\000n}{section.5}% 18
\BOOKMARK [3][-]{subsubsection.5.3.1}{\376\377\000V\000a\000l\000i\000d\000a\000c\000i\000\363\000n\000:\000\040\000P\000r\000u\000e\000b\000a\000s\000\040\000c\000o\000n\000\040\000J\000e\000s\000t\000\040\000y\000\040\000S\000u\000p\000e\000r\000t\000e\000s\000t}{subsection.5.3}% 19
\BOOKMARK [3][-]{subsubsection.5.3.2}{\376\377\000V\000e\000r\000i\000f\000i\000c\000a\000c\000i\000\363\000n\000:\000\040\000C\000o\000n\000f\000i\000g\000u\000r\000a\000c\000i\000\363\000n\000\040\000d\000e\000\040\000E\000S\000L\000i\000n\000t}{subsection.5.3}% 20
\BOOKMARK [1][-]{section.6}{\376\377\000R\000e\000s\000u\000l\000t\000a\000d\000o\000s\000\040\000O\000b\000t\000e\000n\000i\000d\000o\000s}{}% 21
\BOOKMARK [2][-]{subsection.6.1}{\376\377\000R\000e\000s\000u\000l\000t\000a\000d\000o\000s\000\040\000d\000e\000\040\000l\000a\000s\000\040\000P\000r\000u\000e\000b\000a\000s\000\040\000U\000n\000i\000t\000a\000r\000i\000a\000s}{section.6}% 22
\BOOKMARK [2][-]{subsection.6.2}{\376\377\000R\000e\000s\000u\000l\000t\000a\000d\000o\000s\000\040\000d\000e\000\040\000C\000o\000b\000e\000r\000t\000u\000r\000a\000\040\000d\000e\000\040\000C\000\363\000d\000i\000g\000o}{section.6}% 23
\BOOKMARK [2][-]{subsection.6.3}{\376\377\000R\000e\000s\000u\000l\000t\000a\000d\000o\000s\000\040\000d\000e\000\040\000V\000e\000r\000i\000f\000i\000c\000a\000c\000i\000\363\000n\000\040\000c\000o\000n\000\040\000E\000S\000L\000i\000n\000t}{section.6}% 24
\BOOKMARK [2][-]{subsection.6.4}{\376\377\000T\000a\000b\000l\000a\000\040\000R\000e\000s\000u\000m\000e\000n\000\040\000d\000e\000\040\000P\000r\000u\000e\000b\000a\000s}{section.6}% 25
\BOOKMARK [1][-]{section.7}{\376\377\000A\000n\000\341\000l\000i\000s\000i\000s\000\040\000d\000e\000\040\000R\000e\000s\000u\000l\000t\000a\000d\000o\000s}{}% 26
\BOOKMARK [2][-]{subsection.7.1}{\376\377\000A\000n\000\341\000l\000i\000s\000i\000s\000\040\000d\000e\000\040\000V\000a\000l\000i\000d\000a\000c\000i\000\363\000n}{section.7}% 27
\BOOKMARK [2][-]{subsection.7.2}{\376\377\000A\000n\000\341\000l\000i\000s\000i\000s\000\040\000d\000e\000\040\000V\000e\000r\000i\000f\000i\000c\000a\000c\000i\000\363\000n}{section.7}% 28
\BOOKMARK [1][-]{section.8}{\376\377\000C\000o\000n\000c\000l\000u\000s\000i\000o\000n\000e\000s}{}% 29
\BOOKMARK [1][-]{section.9}{\376\377\000R\000e\000c\000o\000m\000e\000n\000d\000a\000c\000i\000o\000n\000e\000s}{}% 30
\BOOKMARK [1][-]{section.10}{\376\377\000R\000e\000f\000e\000r\000e\000n\000c\000i\000a\000s\000\040\000B\000i\000b\000l\000i\000o\000g\000r\000\341\000f\000i\000c\000a\000s}{}% 31
